[debug] [2020-12-14T21:01:14.585Z] ----------------------------------------------------------------------
[debug] [2020-12-14T21:01:14.588Z] Command:       /usr/bin/node /usr/local/bin/firebase deploy
[debug] [2020-12-14T21:01:14.588Z] CLI Version:   8.19.0
[debug] [2020-12-14T21:01:14.588Z] Platform:      linux
[debug] [2020-12-14T21:01:14.588Z] Node Version:  v12.20.0
[debug] [2020-12-14T21:01:14.588Z] Time:          Mon Dec 14 2020 21:01:14 GMT+0000 (Greenwich Mean Time)
[debug] [2020-12-14T21:01:14.589Z] ----------------------------------------------------------------------
[debug] [2020-12-14T21:01:14.589Z] 
[debug] [2020-12-14T21:46:26.464Z] ----------------------------------------------------------------------
[debug] [2020-12-14T21:46:26.465Z] Command:       /usr/bin/node /usr/local/bin/firebase deploy
[debug] [2020-12-14T21:46:26.466Z] CLI Version:   8.19.0
[debug] [2020-12-14T21:46:26.466Z] Platform:      linux
[debug] [2020-12-14T21:46:26.466Z] Node Version:  v12.20.0
[debug] [2020-12-14T21:46:26.466Z] Time:          Mon Dec 14 2020 21:46:26 GMT+0000 (Greenwich Mean Time)
[debug] [2020-12-14T21:46:26.466Z] ----------------------------------------------------------------------
[debug] [2020-12-14T21:46:26.466Z] 
[error] 
[error] Error: Not in a Firebase app directory (could not locate firebase.json)
[debug] [2020-12-14T22:31:39.313Z] ----------------------------------------------------------------------
[debug] [2020-12-14T22:31:39.314Z] Command:       /usr/bin/node /usr/local/bin/firebase deploy
[debug] [2020-12-14T22:31:39.315Z] CLI Version:   8.19.0
[debug] [2020-12-14T22:31:39.315Z] Platform:      linux
[debug] [2020-12-14T22:31:39.315Z] Node Version:  v12.20.0
[debug] [2020-12-14T22:31:39.315Z] Time:          Mon Dec 14 2020 22:31:39 GMT+0000 (Greenwich Mean Time)
[debug] [2020-12-14T22:31:39.315Z] ----------------------------------------------------------------------
[debug] [2020-12-14T22:31:39.315Z] 
[error] 
[error] Error: Not in a Firebase app directory (could not locate firebase.json)
